2024-05-09T13:01:04.758+02:00  INFO 13268 --- [main] s.SpringBootRestApiPostgresqlApplication : Starting SpringBootRestApiPostgresqlApplication using Java 17.0.9 with PID 13268 (C:\Users\User\Desktop\Zhvillim Cloud\Cloud_\target\classes started by User in C:\Users\User\Desktop\Zhvillim Cloud\Cloud_)
2024-05-09T13:01:04.770+02:00  INFO 13268 --- [main] s.SpringBootRestApiPostgresqlApplication : No active profile set, falling back to 1 default profile: "default"
2024-05-09T13:01:05.911+02:00  INFO 13268 --- [main] .s.d.r.c.RepositoryConfigurationDelegate : Bootstrapping Spring Data JPA repositories in DEFAULT mode.
2024-05-09T13:01:06.029+02:00  INFO 13268 --- [main] .s.d.r.c.RepositoryConfigurationDelegate : Finished Spring Data repository scanning in 101 ms. Found 2 JPA repository interfaces.
2024-05-09T13:01:07.051+02:00  INFO 13268 --- [main] o.s.b.w.embedded.tomcat.TomcatWebServer  : Tomcat initialized with port(s): 8085 (http)
2024-05-09T13:01:07.066+02:00  INFO 13268 --- [main] o.apache.catalina.core.StandardService   : Starting service [Tomcat]
2024-05-09T13:01:07.067+02:00  INFO 13268 --- [main] o.apache.catalina.core.StandardEngine    : Starting Servlet engine: [Apache Tomcat/10.1.15]
2024-05-09T13:01:07.308+02:00  INFO 13268 --- [main] o.a.c.c.C.[Tomcat].[localhost].[/]       : Initializing Spring embedded WebApplicationContext
2024-05-09T13:01:07.309+02:00  INFO 13268 --- [main] w.s.c.ServletWebServerApplicationContext : Root WebApplicationContext: initialization completed in 2410 ms
2024-05-09T13:01:07.619+02:00  INFO 13268 --- [main] o.hibernate.jpa.internal.util.LogHelper  : HHH000204: Processing PersistenceUnitInfo [name: default]
2024-05-09T13:01:07.728+02:00  INFO 13268 --- [main] org.hibernate.Version                    : HHH000412: Hibernate ORM core version 6.2.13.Final
2024-05-09T13:01:07.733+02:00  INFO 13268 --- [main] org.hibernate.cfg.Environment            : HHH000406: Using bytecode reflection optimizer
2024-05-09T13:01:08.213+02:00  INFO 13268 --- [main] o.s.o.j.p.SpringPersistenceUnitInfo      : No LoadTimeWeaver setup: ignoring JPA class transformer
2024-05-09T13:01:08.261+02:00  INFO 13268 --- [main] com.zaxxer.hikari.HikariDataSource       : HikariPool-1 - Starting...
2024-05-09T13:01:10.054+02:00  INFO 13268 --- [main] com.zaxxer.hikari.pool.HikariPool        : HikariPool-1 - Added connection org.postgresql.jdbc.PgConnection@7e8f23ad
2024-05-09T13:01:10.062+02:00  INFO 13268 --- [main] com.zaxxer.hikari.HikariDataSource       : HikariPool-1 - Start completed.
2024-05-09T13:01:10.261+02:00  WARN 13268 --- [main] org.hibernate.orm.deprecation            : HHH90000025: PostgreSQLDialect does not need to be specified explicitly using 'hibernate.dialect' (remove the property setting and it will be selected by default)
2024-05-09T13:01:12.429+02:00  INFO 13268 --- [main] o.h.e.t.j.p.i.JtaPlatformInitiator       : HHH000489: No JTA platform available (set 'hibernate.transaction.jta.platform' to enable JTA platform integration)
2024-05-09T13:01:13.714+02:00  INFO 13268 --- [main] j.LocalContainerEntityManagerFactoryBean : Initialized JPA EntityManagerFactory for persistence unit 'default'
2024-05-09T13:01:14.549+02:00  WARN 13268 --- [main] JpaBaseConfiguration$JpaWebConfiguration : spring.jpa.open-in-view is enabled by default. Therefore, database queries may be performed during view rendering. Explicitly configure spring.jpa.open-in-view to disable this warning
2024-05-09T13:01:14.663+02:00  WARN 13268 --- [main] .s.s.UserDetailsServiceAutoConfiguration : 

Using generated security password: 9b4f6b31-b279-4c7b-a173-eec4bc9cf5b8

This generated password is for development use only. Your security configuration must be updated before running your application in production.

2024-05-09T13:01:14.802+02:00  WARN 13268 --- [main] ConfigServletWebServerApplicationContext : Exception encountered during context initialization - cancelling refresh attempt: org.springframework.beans.factory.UnsatisfiedDependencyException: Error creating bean with name 'org.springframework.security.config.annotation.web.configuration.WebSecurityConfiguration': Unsatisfied dependency expressed through method 'setFilterChains' parameter 0: Error creating bean with name 'securityFilterChain' defined in class path resource [com/hendisantika/springbootrestapipostgresql/security/SecurityConfig.class]: Failed to instantiate [org.springframework.security.web.SecurityFilterChain]: Factory method 'securityFilterChain' threw exception with message: No qualifying bean of type 'org.springframework.security.oauth2.client.registration.ClientRegistrationRepository' available
2024-05-09T13:01:14.806+02:00  INFO 13268 --- [main] j.LocalContainerEntityManagerFactoryBean : Closing JPA EntityManagerFactory for persistence unit 'default'
2024-05-09T13:01:14.808+02:00  INFO 13268 --- [main] com.zaxxer.hikari.HikariDataSource       : HikariPool-1 - Shutdown initiated...
2024-05-09T13:01:15.394+02:00  INFO 13268 --- [main] com.zaxxer.hikari.HikariDataSource       : HikariPool-1 - Shutdown completed.
2024-05-09T13:01:15.401+02:00  INFO 13268 --- [main] o.apache.catalina.core.StandardService   : Stopping service [Tomcat]
2024-05-09T13:01:15.489+02:00  INFO 13268 --- [main] .s.b.a.l.ConditionEvaluationReportLogger : 

Error starting ApplicationContext. To display the condition evaluation report re-run your application with 'debug' enabled.
2024-05-09T13:01:15.615+02:00 ERROR 13268 --- [main] o.s.b.d.LoggingFailureAnalysisReporter   : 

***************************
APPLICATION FAILED TO START
***************************

Description:

Parameter 0 of method setFilterChains in org.springframework.security.config.annotation.web.configuration.WebSecurityConfiguration required a bean of type 'org.springframework.security.oauth2.client.registration.ClientRegistrationRepository' that could not be found.


Action:

Consider defining a bean of type 'org.springframework.security.oauth2.client.registration.ClientRegistrationRepository' in your configuration.

2024-05-09T13:10:04.438+02:00  INFO 15924 --- [main] s.SpringBootRestApiPostgresqlApplication : Starting SpringBootRestApiPostgresqlApplication using Java 17.0.9 with PID 15924 (C:\Users\User\Desktop\Zhvillim Cloud\Cloud_\target\classes started by User in C:\Users\User\Desktop\Zhvillim Cloud\Cloud_)
2024-05-09T13:10:04.441+02:00  INFO 15924 --- [main] s.SpringBootRestApiPostgresqlApplication : No active profile set, falling back to 1 default profile: "default"
2024-05-09T13:10:05.416+02:00  INFO 15924 --- [main] .s.d.r.c.RepositoryConfigurationDelegate : Bootstrapping Spring Data JPA repositories in DEFAULT mode.
2024-05-09T13:10:05.502+02:00  INFO 15924 --- [main] .s.d.r.c.RepositoryConfigurationDelegate : Finished Spring Data repository scanning in 75 ms. Found 2 JPA repository interfaces.
2024-05-09T13:10:06.298+02:00  INFO 15924 --- [main] o.s.b.w.embedded.tomcat.TomcatWebServer  : Tomcat initialized with port(s): 8085 (http)
2024-05-09T13:10:06.311+02:00  INFO 15924 --- [main] o.apache.catalina.core.StandardService   : Starting service [Tomcat]
2024-05-09T13:10:06.312+02:00  INFO 15924 --- [main] o.apache.catalina.core.StandardEngine    : Starting Servlet engine: [Apache Tomcat/10.1.15]
2024-05-09T13:10:06.463+02:00  INFO 15924 --- [main] o.a.c.c.C.[Tomcat].[localhost].[/]       : Initializing Spring embedded WebApplicationContext
2024-05-09T13:10:06.464+02:00  INFO 15924 --- [main] w.s.c.ServletWebServerApplicationContext : Root WebApplicationContext: initialization completed in 1905 ms
2024-05-09T13:10:06.691+02:00  INFO 15924 --- [main] o.hibernate.jpa.internal.util.LogHelper  : HHH000204: Processing PersistenceUnitInfo [name: default]
2024-05-09T13:10:06.770+02:00  INFO 15924 --- [main] org.hibernate.Version                    : HHH000412: Hibernate ORM core version 6.2.13.Final
2024-05-09T13:10:06.773+02:00  INFO 15924 --- [main] org.hibernate.cfg.Environment            : HHH000406: Using bytecode reflection optimizer
2024-05-09T13:10:07.287+02:00  INFO 15924 --- [main] o.s.o.j.p.SpringPersistenceUnitInfo      : No LoadTimeWeaver setup: ignoring JPA class transformer
2024-05-09T13:10:07.335+02:00  INFO 15924 --- [main] com.zaxxer.hikari.HikariDataSource       : HikariPool-1 - Starting...
2024-05-09T13:10:09.318+02:00  INFO 15924 --- [main] com.zaxxer.hikari.pool.HikariPool        : HikariPool-1 - Added connection org.postgresql.jdbc.PgConnection@273aaab7
2024-05-09T13:10:09.328+02:00  INFO 15924 --- [main] com.zaxxer.hikari.HikariDataSource       : HikariPool-1 - Start completed.
2024-05-09T13:10:09.478+02:00  WARN 15924 --- [main] org.hibernate.orm.deprecation            : HHH90000025: PostgreSQLDialect does not need to be specified explicitly using 'hibernate.dialect' (remove the property setting and it will be selected by default)
2024-05-09T13:10:10.804+02:00  INFO 15924 --- [main] o.h.e.t.j.p.i.JtaPlatformInitiator       : HHH000489: No JTA platform available (set 'hibernate.transaction.jta.platform' to enable JTA platform integration)
2024-05-09T13:10:12.090+02:00  INFO 15924 --- [main] j.LocalContainerEntityManagerFactoryBean : Initialized JPA EntityManagerFactory for persistence unit 'default'
2024-05-09T13:10:12.634+02:00  WARN 15924 --- [main] JpaBaseConfiguration$JpaWebConfiguration : spring.jpa.open-in-view is enabled by default. Therefore, database queries may be performed during view rendering. Explicitly configure spring.jpa.open-in-view to disable this warning
2024-05-09T13:10:12.747+02:00  WARN 15924 --- [main] .s.s.UserDetailsServiceAutoConfiguration : 

Using generated security password: e6e80939-a3e9-46ae-9b88-970d129e5f28

This generated password is for development use only. Your security configuration must be updated before running your application in production.

2024-05-09T13:10:12.867+02:00  WARN 15924 --- [main] ConfigServletWebServerApplicationContext : Exception encountered during context initialization - cancelling refresh attempt: org.springframework.beans.factory.UnsatisfiedDependencyException: Error creating bean with name 'org.springframework.security.config.annotation.web.configuration.WebSecurityConfiguration': Unsatisfied dependency expressed through method 'setFilterChains' parameter 0: Error creating bean with name 'securityFilterChain' defined in class path resource [com/hendisantika/springbootrestapipostgresql/security/SecurityConfig.class]: Failed to instantiate [org.springframework.security.web.SecurityFilterChain]: Factory method 'securityFilterChain' threw exception with message: No qualifying bean of type 'org.springframework.security.oauth2.client.registration.ClientRegistrationRepository' available
2024-05-09T13:10:12.869+02:00  INFO 15924 --- [main] j.LocalContainerEntityManagerFactoryBean : Closing JPA EntityManagerFactory for persistence unit 'default'
2024-05-09T13:10:12.872+02:00  INFO 15924 --- [main] com.zaxxer.hikari.HikariDataSource       : HikariPool-1 - Shutdown initiated...
2024-05-09T13:10:13.310+02:00  INFO 15924 --- [main] com.zaxxer.hikari.HikariDataSource       : HikariPool-1 - Shutdown completed.
2024-05-09T13:10:13.317+02:00  INFO 15924 --- [main] o.apache.catalina.core.StandardService   : Stopping service [Tomcat]
2024-05-09T13:10:13.393+02:00  INFO 15924 --- [main] .s.b.a.l.ConditionEvaluationReportLogger : 

Error starting ApplicationContext. To display the condition evaluation report re-run your application with 'debug' enabled.
2024-05-09T13:10:13.481+02:00 ERROR 15924 --- [main] o.s.b.d.LoggingFailureAnalysisReporter   : 

***************************
APPLICATION FAILED TO START
***************************

Description:

Parameter 0 of method setFilterChains in org.springframework.security.config.annotation.web.configuration.WebSecurityConfiguration required a bean of type 'org.springframework.security.oauth2.client.registration.ClientRegistrationRepository' that could not be found.


Action:

Consider defining a bean of type 'org.springframework.security.oauth2.client.registration.ClientRegistrationRepository' in your configuration.

2024-05-09T13:17:12.233+02:00  INFO 1240 --- [main] s.SpringBootRestApiPostgresqlApplication : Starting SpringBootRestApiPostgresqlApplication using Java 17.0.9 with PID 1240 (C:\Users\User\Desktop\Zhvillim Cloud\Cloud_\target\classes started by User in C:\Users\User\Desktop\Zhvillim Cloud\Cloud_)
2024-05-09T13:17:12.237+02:00  INFO 1240 --- [main] s.SpringBootRestApiPostgresqlApplication : No active profile set, falling back to 1 default profile: "default"
2024-05-09T13:17:13.268+02:00  INFO 1240 --- [main] .s.d.r.c.RepositoryConfigurationDelegate : Bootstrapping Spring Data JPA repositories in DEFAULT mode.
2024-05-09T13:17:13.351+02:00  INFO 1240 --- [main] .s.d.r.c.RepositoryConfigurationDelegate : Finished Spring Data repository scanning in 72 ms. Found 2 JPA repository interfaces.
2024-05-09T13:17:14.166+02:00  INFO 1240 --- [main] o.s.b.w.embedded.tomcat.TomcatWebServer  : Tomcat initialized with port(s): 8085 (http)
2024-05-09T13:17:14.192+02:00  INFO 1240 --- [main] o.apache.catalina.core.StandardService   : Starting service [Tomcat]
2024-05-09T13:17:14.194+02:00  INFO 1240 --- [main] o.apache.catalina.core.StandardEngine    : Starting Servlet engine: [Apache Tomcat/10.1.15]
2024-05-09T13:17:14.363+02:00  INFO 1240 --- [main] o.a.c.c.C.[Tomcat].[localhost].[/]       : Initializing Spring embedded WebApplicationContext
2024-05-09T13:17:14.363+02:00  INFO 1240 --- [main] w.s.c.ServletWebServerApplicationContext : Root WebApplicationContext: initialization completed in 2016 ms
2024-05-09T13:17:14.569+02:00  INFO 1240 --- [main] o.hibernate.jpa.internal.util.LogHelper  : HHH000204: Processing PersistenceUnitInfo [name: default]
2024-05-09T13:17:14.647+02:00  INFO 1240 --- [main] org.hibernate.Version                    : HHH000412: Hibernate ORM core version 6.2.13.Final
2024-05-09T13:17:14.651+02:00  INFO 1240 --- [main] org.hibernate.cfg.Environment            : HHH000406: Using bytecode reflection optimizer
2024-05-09T13:17:14.998+02:00  INFO 1240 --- [main] o.s.o.j.p.SpringPersistenceUnitInfo      : No LoadTimeWeaver setup: ignoring JPA class transformer
2024-05-09T13:17:15.041+02:00  INFO 1240 --- [main] com.zaxxer.hikari.HikariDataSource       : HikariPool-1 - Starting...
2024-05-09T13:17:16.483+02:00  INFO 1240 --- [main] com.zaxxer.hikari.pool.HikariPool        : HikariPool-1 - Added connection org.postgresql.jdbc.PgConnection@41d20f06
2024-05-09T13:17:16.491+02:00  INFO 1240 --- [main] com.zaxxer.hikari.HikariDataSource       : HikariPool-1 - Start completed.
2024-05-09T13:17:16.656+02:00  WARN 1240 --- [main] org.hibernate.orm.deprecation            : HHH90000025: PostgreSQLDialect does not need to be specified explicitly using 'hibernate.dialect' (remove the property setting and it will be selected by default)
2024-05-09T13:17:18.206+02:00  INFO 1240 --- [main] o.h.e.t.j.p.i.JtaPlatformInitiator       : HHH000489: No JTA platform available (set 'hibernate.transaction.jta.platform' to enable JTA platform integration)
2024-05-09T13:17:19.536+02:00  INFO 1240 --- [main] j.LocalContainerEntityManagerFactoryBean : Initialized JPA EntityManagerFactory for persistence unit 'default'
2024-05-09T13:17:20.148+02:00  WARN 1240 --- [main] JpaBaseConfiguration$JpaWebConfiguration : spring.jpa.open-in-view is enabled by default. Therefore, database queries may be performed during view rendering. Explicitly configure spring.jpa.open-in-view to disable this warning
2024-05-09T13:17:20.495+02:00  INFO 1240 --- [main] o.s.s.web.DefaultSecurityFilterChain     : Will secure any request with [org.springframework.security.web.session.DisableEncodeUrlFilter@6c0bf8f4, org.springframework.security.web.context.request.async.WebAsyncManagerIntegrationFilter@73476e2d, org.springframework.security.web.context.SecurityContextHolderFilter@48dc9950, org.springframework.security.web.header.HeaderWriterFilter@28b47211, org.springframework.security.web.csrf.CsrfFilter@54e3cba2, org.springframework.security.web.authentication.logout.LogoutFilter@20e9b10b, org.springframework.security.oauth2.client.web.OAuth2AuthorizationRequestRedirectFilter@377d55, org.springframework.security.oauth2.client.web.OAuth2LoginAuthenticationFilter@193c810, org.springframework.security.web.authentication.ui.DefaultLoginPageGeneratingFilter@58ebfbcb, org.springframework.security.web.authentication.ui.DefaultLogoutPageGeneratingFilter@52b77d5e, org.springframework.security.web.savedrequest.RequestCacheAwareFilter@535aa7c7, org.springframework.security.web.servletapi.SecurityContextHolderAwareRequestFilter@578781f7, org.springframework.security.web.authentication.AnonymousAuthenticationFilter@6ab6ec33, org.springframework.security.web.access.ExceptionTranslationFilter@108fd5d5, org.springframework.security.web.access.intercept.FilterSecurityInterceptor@4a7427f9]
2024-05-09T13:17:21.211+02:00  INFO 1240 --- [main] o.s.b.w.embedded.tomcat.TomcatWebServer  : Tomcat started on port(s): 8085 (http) with context path ''
2024-05-09T13:17:21.223+02:00  INFO 1240 --- [main] s.SpringBootRestApiPostgresqlApplication : Started SpringBootRestApiPostgresqlApplication in 9.587 seconds (process running for 10.233)
2024-05-09T13:17:50.721+02:00  INFO 1240 --- [http-nio-8085-exec-1] o.a.c.c.C.[Tomcat].[localhost].[/]       : Initializing Spring DispatcherServlet 'dispatcherServlet'
2024-05-09T13:17:50.723+02:00  INFO 1240 --- [http-nio-8085-exec-1] o.s.web.servlet.DispatcherServlet        : Initializing Servlet 'dispatcherServlet'
2024-05-09T13:17:50.727+02:00  INFO 1240 --- [http-nio-8085-exec-1] o.s.web.servlet.DispatcherServlet        : Completed initialization in 3 ms
2024-05-09T13:22:31.697+02:00  INFO 1240 --- [SpringApplicationShutdownHook] j.LocalContainerEntityManagerFactoryBean : Closing JPA EntityManagerFactory for persistence unit 'default'
2024-05-09T13:22:31.702+02:00  INFO 1240 --- [SpringApplicationShutdownHook] com.zaxxer.hikari.HikariDataSource       : HikariPool-1 - Shutdown initiated...
2024-05-09T13:22:34.290+02:00  INFO 1240 --- [SpringApplicationShutdownHook] com.zaxxer.hikari.HikariDataSource       : HikariPool-1 - Shutdown completed.
2024-05-09T13:22:47.517+02:00  INFO 2824 --- [main] s.SpringBootRestApiPostgresqlApplication : Starting SpringBootRestApiPostgresqlApplication using Java 17.0.9 with PID 2824 (C:\Users\User\Desktop\Zhvillim Cloud\Cloud_\target\classes started by User in C:\Users\User\Desktop\Zhvillim Cloud\Cloud_)
2024-05-09T13:22:47.521+02:00  INFO 2824 --- [main] s.SpringBootRestApiPostgresqlApplication : No active profile set, falling back to 1 default profile: "default"
2024-05-09T13:22:48.547+02:00  INFO 2824 --- [main] .s.d.r.c.RepositoryConfigurationDelegate : Bootstrapping Spring Data JPA repositories in DEFAULT mode.
2024-05-09T13:22:48.629+02:00  INFO 2824 --- [main] .s.d.r.c.RepositoryConfigurationDelegate : Finished Spring Data repository scanning in 70 ms. Found 2 JPA repository interfaces.
2024-05-09T13:22:49.472+02:00  INFO 2824 --- [main] o.s.b.w.embedded.tomcat.TomcatWebServer  : Tomcat initialized with port(s): 8085 (http)
2024-05-09T13:22:49.484+02:00  INFO 2824 --- [main] o.apache.catalina.core.StandardService   : Starting service [Tomcat]
2024-05-09T13:22:49.486+02:00  INFO 2824 --- [main] o.apache.catalina.core.StandardEngine    : Starting Servlet engine: [Apache Tomcat/10.1.15]
2024-05-09T13:22:49.656+02:00  INFO 2824 --- [main] o.a.c.c.C.[Tomcat].[localhost].[/]       : Initializing Spring embedded WebApplicationContext
2024-05-09T13:22:49.657+02:00  INFO 2824 --- [main] w.s.c.ServletWebServerApplicationContext : Root WebApplicationContext: initialization completed in 2026 ms
2024-05-09T13:22:49.895+02:00  INFO 2824 --- [main] o.hibernate.jpa.internal.util.LogHelper  : HHH000204: Processing PersistenceUnitInfo [name: default]
2024-05-09T13:22:49.993+02:00  INFO 2824 --- [main] org.hibernate.Version                    : HHH000412: Hibernate ORM core version 6.2.13.Final
2024-05-09T13:22:49.999+02:00  INFO 2824 --- [main] org.hibernate.cfg.Environment            : HHH000406: Using bytecode reflection optimizer
2024-05-09T13:22:50.353+02:00  INFO 2824 --- [main] o.s.o.j.p.SpringPersistenceUnitInfo      : No LoadTimeWeaver setup: ignoring JPA class transformer
2024-05-09T13:22:50.398+02:00  INFO 2824 --- [main] com.zaxxer.hikari.HikariDataSource       : HikariPool-1 - Starting...
2024-05-09T13:22:51.940+02:00  INFO 2824 --- [main] com.zaxxer.hikari.pool.HikariPool        : HikariPool-1 - Added connection org.postgresql.jdbc.PgConnection@53dba9cd
2024-05-09T13:22:51.948+02:00  INFO 2824 --- [main] com.zaxxer.hikari.HikariDataSource       : HikariPool-1 - Start completed.
2024-05-09T13:22:52.135+02:00  WARN 2824 --- [main] org.hibernate.orm.deprecation            : HHH90000025: PostgreSQLDialect does not need to be specified explicitly using 'hibernate.dialect' (remove the property setting and it will be selected by default)
2024-05-09T13:22:53.675+02:00  INFO 2824 --- [main] o.h.e.t.j.p.i.JtaPlatformInitiator       : HHH000489: No JTA platform available (set 'hibernate.transaction.jta.platform' to enable JTA platform integration)
2024-05-09T13:22:54.956+02:00  INFO 2824 --- [main] j.LocalContainerEntityManagerFactoryBean : Initialized JPA EntityManagerFactory for persistence unit 'default'
2024-05-09T13:22:55.605+02:00  WARN 2824 --- [main] JpaBaseConfiguration$JpaWebConfiguration : spring.jpa.open-in-view is enabled by default. Therefore, database queries may be performed during view rendering. Explicitly configure spring.jpa.open-in-view to disable this warning
2024-05-09T13:22:55.912+02:00  INFO 2824 --- [main] o.s.s.web.DefaultSecurityFilterChain     : Will secure any request with [org.springframework.security.web.session.DisableEncodeUrlFilter@dc24732, org.springframework.security.web.context.request.async.WebAsyncManagerIntegrationFilter@44a1ae4e, org.springframework.security.web.context.SecurityContextHolderFilter@fbdba1c, org.springframework.security.web.header.HeaderWriterFilter@2ef63b6d, org.springframework.security.web.csrf.CsrfFilter@2eb91767, org.springframework.security.web.authentication.logout.LogoutFilter@3b8a8abc, org.springframework.security.oauth2.client.web.OAuth2AuthorizationRequestRedirectFilter@73dc7db0, org.springframework.security.oauth2.client.web.OAuth2LoginAuthenticationFilter@1a3a6216, org.springframework.security.web.authentication.ui.DefaultLoginPageGeneratingFilter@535aa7c7, org.springframework.security.web.authentication.ui.DefaultLogoutPageGeneratingFilter@377d55, org.springframework.security.web.savedrequest.RequestCacheAwareFilter@4125bc3c, org.springframework.security.web.servletapi.SecurityContextHolderAwareRequestFilter@28b47211, org.springframework.security.web.authentication.AnonymousAuthenticationFilter@193c810, org.springframework.security.web.access.ExceptionTranslationFilter@5c59dfc7, org.springframework.security.web.access.intercept.FilterSecurityInterceptor@5cef5fc9]
2024-05-09T13:22:56.553+02:00  INFO 2824 --- [main] o.s.b.w.embedded.tomcat.TomcatWebServer  : Tomcat started on port(s): 8085 (http) with context path ''
2024-05-09T13:22:56.565+02:00  INFO 2824 --- [main] s.SpringBootRestApiPostgresqlApplication : Started SpringBootRestApiPostgresqlApplication in 9.651 seconds (process running for 10.211)
2024-05-09T13:23:06.412+02:00  INFO 2824 --- [http-nio-8085-exec-1] o.a.c.c.C.[Tomcat].[localhost].[/]       : Initializing Spring DispatcherServlet 'dispatcherServlet'
2024-05-09T13:23:06.414+02:00  INFO 2824 --- [http-nio-8085-exec-1] o.s.web.servlet.DispatcherServlet        : Initializing Servlet 'dispatcherServlet'
2024-05-09T13:23:06.421+02:00  INFO 2824 --- [http-nio-8085-exec-1] o.s.web.servlet.DispatcherServlet        : Completed initialization in 6 ms
2024-05-09T13:25:00.636+02:00  INFO 2824 --- [SpringApplicationShutdownHook] j.LocalContainerEntityManagerFactoryBean : Closing JPA EntityManagerFactory for persistence unit 'default'
2024-05-09T13:25:00.640+02:00  INFO 2824 --- [SpringApplicationShutdownHook] com.zaxxer.hikari.HikariDataSource       : HikariPool-1 - Shutdown initiated...
2024-05-09T13:25:05.650+02:00  INFO 2824 --- [SpringApplicationShutdownHook] com.zaxxer.hikari.HikariDataSource       : HikariPool-1 - Shutdown completed.
2024-05-09T13:25:19.088+02:00  INFO 6716 --- [main] s.SpringBootRestApiPostgresqlApplication : Starting SpringBootRestApiPostgresqlApplication using Java 17.0.9 with PID 6716 (C:\Users\User\Desktop\Zhvillim Cloud\Cloud_\target\classes started by User in C:\Users\User\Desktop\Zhvillim Cloud\Cloud_)
2024-05-09T13:25:19.092+02:00  INFO 6716 --- [main] s.SpringBootRestApiPostgresqlApplication : No active profile set, falling back to 1 default profile: "default"
2024-05-09T13:25:19.979+02:00  INFO 6716 --- [main] .s.d.r.c.RepositoryConfigurationDelegate : Bootstrapping Spring Data JPA repositories in DEFAULT mode.
2024-05-09T13:25:20.058+02:00  INFO 6716 --- [main] .s.d.r.c.RepositoryConfigurationDelegate : Finished Spring Data repository scanning in 67 ms. Found 2 JPA repository interfaces.
2024-05-09T13:25:20.966+02:00  INFO 6716 --- [main] o.s.b.w.embedded.tomcat.TomcatWebServer  : Tomcat initialized with port(s): 8085 (http)
2024-05-09T13:25:20.990+02:00  INFO 6716 --- [main] o.apache.catalina.core.StandardService   : Starting service [Tomcat]
2024-05-09T13:25:20.991+02:00  INFO 6716 --- [main] o.apache.catalina.core.StandardEngine    : Starting Servlet engine: [Apache Tomcat/10.1.15]
2024-05-09T13:25:21.222+02:00  INFO 6716 --- [main] o.a.c.c.C.[Tomcat].[localhost].[/]       : Initializing Spring embedded WebApplicationContext
2024-05-09T13:25:21.223+02:00  INFO 6716 --- [main] w.s.c.ServletWebServerApplicationContext : Root WebApplicationContext: initialization completed in 2024 ms
2024-05-09T13:25:21.427+02:00  INFO 6716 --- [main] o.hibernate.jpa.internal.util.LogHelper  : HHH000204: Processing PersistenceUnitInfo [name: default]
2024-05-09T13:25:21.513+02:00  INFO 6716 --- [main] org.hibernate.Version                    : HHH000412: Hibernate ORM core version 6.2.13.Final
2024-05-09T13:25:21.516+02:00  INFO 6716 --- [main] org.hibernate.cfg.Environment            : HHH000406: Using bytecode reflection optimizer
2024-05-09T13:25:21.869+02:00  INFO 6716 --- [main] o.s.o.j.p.SpringPersistenceUnitInfo      : No LoadTimeWeaver setup: ignoring JPA class transformer
2024-05-09T13:25:21.907+02:00  INFO 6716 --- [main] com.zaxxer.hikari.HikariDataSource       : HikariPool-1 - Starting...
2024-05-09T13:25:23.194+02:00  INFO 6716 --- [main] com.zaxxer.hikari.pool.HikariPool        : HikariPool-1 - Added connection org.postgresql.jdbc.PgConnection@6dcf7b6a
2024-05-09T13:25:23.202+02:00  INFO 6716 --- [main] com.zaxxer.hikari.HikariDataSource       : HikariPool-1 - Start completed.
2024-05-09T13:25:23.355+02:00  WARN 6716 --- [main] org.hibernate.orm.deprecation            : HHH90000025: PostgreSQLDialect does not need to be specified explicitly using 'hibernate.dialect' (remove the property setting and it will be selected by default)
2024-05-09T13:25:25.600+02:00  INFO 6716 --- [main] o.h.e.t.j.p.i.JtaPlatformInitiator       : HHH000489: No JTA platform available (set 'hibernate.transaction.jta.platform' to enable JTA platform integration)
2024-05-09T13:25:26.889+02:00  INFO 6716 --- [main] j.LocalContainerEntityManagerFactoryBean : Initialized JPA EntityManagerFactory for persistence unit 'default'
2024-05-09T13:25:27.553+02:00  WARN 6716 --- [main] JpaBaseConfiguration$JpaWebConfiguration : spring.jpa.open-in-view is enabled by default. Therefore, database queries may be performed during view rendering. Explicitly configure spring.jpa.open-in-view to disable this warning
2024-05-09T13:25:27.897+02:00  INFO 6716 --- [main] o.s.s.web.DefaultSecurityFilterChain     : Will secure any request with [org.springframework.security.web.session.DisableEncodeUrlFilter@1de398c3, org.springframework.security.web.context.request.async.WebAsyncManagerIntegrationFilter@dc24732, org.springframework.security.web.context.SecurityContextHolderFilter@25c98637, org.springframework.security.web.header.HeaderWriterFilter@40ed4674, org.springframework.security.web.csrf.CsrfFilter@55849272, org.springframework.security.web.authentication.logout.LogoutFilter@5134a7d6, org.springframework.security.oauth2.client.web.OAuth2AuthorizationRequestRedirectFilter@23e1f610, org.springframework.security.oauth2.client.web.OAuth2LoginAuthenticationFilter@73dc7db0, org.springframework.security.web.authentication.ui.DefaultLoginPageGeneratingFilter@43735ea0, org.springframework.security.web.authentication.ui.DefaultLogoutPageGeneratingFilter@44a1ae4e, org.springframework.security.web.savedrequest.RequestCacheAwareFilter@108fd5d5, org.springframework.security.web.servletapi.SecurityContextHolderAwareRequestFilter@4125bc3c, org.springframework.security.web.authentication.AnonymousAuthenticationFilter@377d55, org.springframework.security.web.access.ExceptionTranslationFilter@6b7e4db6, org.springframework.security.web.access.intercept.FilterSecurityInterceptor@2db4a84a]
2024-05-09T13:25:28.601+02:00  INFO 6716 --- [main] o.s.b.w.embedded.tomcat.TomcatWebServer  : Tomcat started on port(s): 8085 (http) with context path ''
2024-05-09T13:25:28.618+02:00  INFO 6716 --- [main] s.SpringBootRestApiPostgresqlApplication : Started SpringBootRestApiPostgresqlApplication in 10.903 seconds (process running for 11.763)
2024-05-09T13:25:39.681+02:00  INFO 6716 --- [http-nio-8085-exec-1] o.a.c.c.C.[Tomcat].[localhost].[/]       : Initializing Spring DispatcherServlet 'dispatcherServlet'
2024-05-09T13:25:39.683+02:00  INFO 6716 --- [http-nio-8085-exec-1] o.s.web.servlet.DispatcherServlet        : Initializing Servlet 'dispatcherServlet'
2024-05-09T13:25:39.687+02:00  INFO 6716 --- [http-nio-8085-exec-1] o.s.web.servlet.DispatcherServlet        : Completed initialization in 3 ms
2024-05-09T13:28:06.164+02:00  INFO 6716 --- [SpringApplicationShutdownHook] j.LocalContainerEntityManagerFactoryBean : Closing JPA EntityManagerFactory for persistence unit 'default'
2024-05-09T13:28:06.171+02:00  INFO 6716 --- [SpringApplicationShutdownHook] com.zaxxer.hikari.HikariDataSource       : HikariPool-1 - Shutdown initiated...
2024-05-09T13:28:06.627+02:00  INFO 6716 --- [SpringApplicationShutdownHook] com.zaxxer.hikari.HikariDataSource       : HikariPool-1 - Shutdown completed.
2024-05-09T13:28:37.467+02:00  INFO 16300 --- [main] s.SpringBootRestApiPostgresqlApplication : Starting SpringBootRestApiPostgresqlApplication using Java 17.0.9 with PID 16300 (C:\Users\User\Desktop\Zhvillim Cloud\Cloud_\target\classes started by User in C:\Users\User\Desktop\Zhvillim Cloud\Cloud_)
2024-05-09T13:28:37.472+02:00  INFO 16300 --- [main] s.SpringBootRestApiPostgresqlApplication : No active profile set, falling back to 1 default profile: "default"
2024-05-09T13:28:38.461+02:00  INFO 16300 --- [main] .s.d.r.c.RepositoryConfigurationDelegate : Bootstrapping Spring Data JPA repositories in DEFAULT mode.
2024-05-09T13:28:38.538+02:00  INFO 16300 --- [main] .s.d.r.c.RepositoryConfigurationDelegate : Finished Spring Data repository scanning in 65 ms. Found 2 JPA repository interfaces.
2024-05-09T13:28:39.394+02:00  INFO 16300 --- [main] o.s.b.w.embedded.tomcat.TomcatWebServer  : Tomcat initialized with port(s): 8085 (http)
2024-05-09T13:28:39.409+02:00  INFO 16300 --- [main] o.apache.catalina.core.StandardService   : Starting service [Tomcat]
2024-05-09T13:28:39.413+02:00  INFO 16300 --- [main] o.apache.catalina.core.StandardEngine    : Starting Servlet engine: [Apache Tomcat/10.1.15]
2024-05-09T13:28:39.562+02:00  INFO 16300 --- [main] o.a.c.c.C.[Tomcat].[localhost].[/]       : Initializing Spring embedded WebApplicationContext
2024-05-09T13:28:39.564+02:00  INFO 16300 --- [main] w.s.c.ServletWebServerApplicationContext : Root WebApplicationContext: initialization completed in 1977 ms
2024-05-09T13:28:39.811+02:00  INFO 16300 --- [main] o.hibernate.jpa.internal.util.LogHelper  : HHH000204: Processing PersistenceUnitInfo [name: default]
2024-05-09T13:28:39.907+02:00  INFO 16300 --- [main] org.hibernate.Version                    : HHH000412: Hibernate ORM core version 6.2.13.Final
2024-05-09T13:28:39.911+02:00  INFO 16300 --- [main] org.hibernate.cfg.Environment            : HHH000406: Using bytecode reflection optimizer
2024-05-09T13:28:40.258+02:00  INFO 16300 --- [main] o.s.o.j.p.SpringPersistenceUnitInfo      : No LoadTimeWeaver setup: ignoring JPA class transformer
2024-05-09T13:28:40.297+02:00  INFO 16300 --- [main] com.zaxxer.hikari.HikariDataSource       : HikariPool-1 - Starting...
2024-05-09T13:28:41.781+02:00  INFO 16300 --- [main] com.zaxxer.hikari.pool.HikariPool        : HikariPool-1 - Added connection org.postgresql.jdbc.PgConnection@7e8f23ad
2024-05-09T13:28:41.790+02:00  INFO 16300 --- [main] com.zaxxer.hikari.HikariDataSource       : HikariPool-1 - Start completed.
2024-05-09T13:28:41.993+02:00  WARN 16300 --- [main] org.hibernate.orm.deprecation            : HHH90000025: PostgreSQLDialect does not need to be specified explicitly using 'hibernate.dialect' (remove the property setting and it will be selected by default)
2024-05-09T13:28:43.401+02:00  INFO 16300 --- [main] o.h.e.t.j.p.i.JtaPlatformInitiator       : HHH000489: No JTA platform available (set 'hibernate.transaction.jta.platform' to enable JTA platform integration)
2024-05-09T13:28:44.670+02:00  INFO 16300 --- [main] j.LocalContainerEntityManagerFactoryBean : Initialized JPA EntityManagerFactory for persistence unit 'default'
2024-05-09T13:28:45.215+02:00  WARN 16300 --- [main] JpaBaseConfiguration$JpaWebConfiguration : spring.jpa.open-in-view is enabled by default. Therefore, database queries may be performed during view rendering. Explicitly configure spring.jpa.open-in-view to disable this warning
2024-05-09T13:28:45.551+02:00  INFO 16300 --- [main] o.s.s.web.DefaultSecurityFilterChain     : Will secure any request with [org.springframework.security.web.session.DisableEncodeUrlFilter@11b74ecb, org.springframework.security.web.context.request.async.WebAsyncManagerIntegrationFilter@78839c2e, org.springframework.security.web.context.SecurityContextHolderFilter@22e253c7, org.springframework.security.web.header.HeaderWriterFilter@535aa7c7, org.springframework.security.web.csrf.CsrfFilter@d62feaf, org.springframework.security.web.authentication.logout.LogoutFilter@4cddc3d9, org.springframework.security.oauth2.client.web.OAuth2AuthorizationRequestRedirectFilter@73476e2d, org.springframework.security.oauth2.client.web.OAuth2LoginAuthenticationFilter@52b77d5e, org.springframework.security.web.authentication.ui.DefaultLoginPageGeneratingFilter@4ee1c29a, org.springframework.security.web.authentication.ui.DefaultLogoutPageGeneratingFilter@25093079, org.springframework.security.web.savedrequest.RequestCacheAwareFilter@4fe3199d, org.springframework.security.web.servletapi.SecurityContextHolderAwareRequestFilter@58ebfbcb, org.springframework.security.web.authentication.AnonymousAuthenticationFilter@37fc7e3c, org.springframework.security.web.access.ExceptionTranslationFilter@48dc9950, org.springframework.security.web.access.intercept.FilterSecurityInterceptor@362e6fe]
2024-05-09T13:28:46.208+02:00  INFO 16300 --- [main] o.s.b.w.embedded.tomcat.TomcatWebServer  : Tomcat started on port(s): 8085 (http) with context path ''
2024-05-09T13:28:46.220+02:00  INFO 16300 --- [main] s.SpringBootRestApiPostgresqlApplication : Started SpringBootRestApiPostgresqlApplication in 9.369 seconds (process running for 9.93)
2024-05-09T13:29:53.193+02:00  INFO 16300 --- [http-nio-8085-exec-1] o.a.c.c.C.[Tomcat].[localhost].[/]       : Initializing Spring DispatcherServlet 'dispatcherServlet'
2024-05-09T13:29:53.195+02:00  INFO 16300 --- [http-nio-8085-exec-1] o.s.web.servlet.DispatcherServlet        : Initializing Servlet 'dispatcherServlet'
2024-05-09T13:29:53.201+02:00  INFO 16300 --- [http-nio-8085-exec-1] o.s.web.servlet.DispatcherServlet        : Completed initialization in 3 ms
2024-05-09T13:35:58.972+02:00  INFO 16300 --- [SpringApplicationShutdownHook] j.LocalContainerEntityManagerFactoryBean : Closing JPA EntityManagerFactory for persistence unit 'default'
2024-05-09T13:35:58.975+02:00  INFO 16300 --- [SpringApplicationShutdownHook] com.zaxxer.hikari.HikariDataSource       : HikariPool-1 - Shutdown initiated...
2024-05-09T13:36:00.764+02:00  INFO 16300 --- [SpringApplicationShutdownHook] com.zaxxer.hikari.HikariDataSource       : HikariPool-1 - Shutdown completed.
2024-05-09T13:36:16.446+02:00  INFO 2528 --- [main] s.SpringBootRestApiPostgresqlApplication : Starting SpringBootRestApiPostgresqlApplication using Java 17.0.9 with PID 2528 (C:\Users\User\Desktop\Zhvillim Cloud\Cloud_\target\classes started by User in C:\Users\User\Desktop\Zhvillim Cloud\Cloud_)
2024-05-09T13:36:16.450+02:00  INFO 2528 --- [main] s.SpringBootRestApiPostgresqlApplication : No active profile set, falling back to 1 default profile: "default"
2024-05-09T13:36:17.260+02:00  INFO 2528 --- [main] .s.d.r.c.RepositoryConfigurationDelegate : Bootstrapping Spring Data JPA repositories in DEFAULT mode.
2024-05-09T13:36:17.347+02:00  INFO 2528 --- [main] .s.d.r.c.RepositoryConfigurationDelegate : Finished Spring Data repository scanning in 73 ms. Found 2 JPA repository interfaces.
2024-05-09T13:36:18.161+02:00  INFO 2528 --- [main] o.s.b.w.embedded.tomcat.TomcatWebServer  : Tomcat initialized with port(s): 8085 (http)
2024-05-09T13:36:18.182+02:00  INFO 2528 --- [main] o.apache.catalina.core.StandardService   : Starting service [Tomcat]
2024-05-09T13:36:18.186+02:00  INFO 2528 --- [main] o.apache.catalina.core.StandardEngine    : Starting Servlet engine: [Apache Tomcat/10.1.15]
2024-05-09T13:36:18.349+02:00  INFO 2528 --- [main] o.a.c.c.C.[Tomcat].[localhost].[/]       : Initializing Spring embedded WebApplicationContext
2024-05-09T13:36:18.350+02:00  INFO 2528 --- [main] w.s.c.ServletWebServerApplicationContext : Root WebApplicationContext: initialization completed in 1806 ms
2024-05-09T13:36:18.542+02:00  INFO 2528 --- [main] o.hibernate.jpa.internal.util.LogHelper  : HHH000204: Processing PersistenceUnitInfo [name: default]
2024-05-09T13:36:18.620+02:00  INFO 2528 --- [main] org.hibernate.Version                    : HHH000412: Hibernate ORM core version 6.2.13.Final
2024-05-09T13:36:18.623+02:00  INFO 2528 --- [main] org.hibernate.cfg.Environment            : HHH000406: Using bytecode reflection optimizer
2024-05-09T13:36:18.967+02:00  INFO 2528 --- [main] o.s.o.j.p.SpringPersistenceUnitInfo      : No LoadTimeWeaver setup: ignoring JPA class transformer
2024-05-09T13:36:19.008+02:00  INFO 2528 --- [main] com.zaxxer.hikari.HikariDataSource       : HikariPool-1 - Starting...
2024-05-09T13:36:20.387+02:00  INFO 2528 --- [main] com.zaxxer.hikari.pool.HikariPool        : HikariPool-1 - Added connection org.postgresql.jdbc.PgConnection@4a9bce99
2024-05-09T13:36:20.399+02:00  INFO 2528 --- [main] com.zaxxer.hikari.HikariDataSource       : HikariPool-1 - Start completed.
2024-05-09T13:36:20.573+02:00  WARN 2528 --- [main] org.hibernate.orm.deprecation            : HHH90000025: PostgreSQLDialect does not need to be specified explicitly using 'hibernate.dialect' (remove the property setting and it will be selected by default)
2024-05-09T13:36:22.130+02:00  INFO 2528 --- [main] o.h.e.t.j.p.i.JtaPlatformInitiator       : HHH000489: No JTA platform available (set 'hibernate.transaction.jta.platform' to enable JTA platform integration)
2024-05-09T13:36:23.428+02:00  INFO 2528 --- [main] j.LocalContainerEntityManagerFactoryBean : Initialized JPA EntityManagerFactory for persistence unit 'default'
2024-05-09T13:36:24.152+02:00  WARN 2528 --- [main] JpaBaseConfiguration$JpaWebConfiguration : spring.jpa.open-in-view is enabled by default. Therefore, database queries may be performed during view rendering. Explicitly configure spring.jpa.open-in-view to disable this warning
2024-05-09T13:36:25.565+02:00  INFO 2528 --- [main] o.s.s.web.DefaultSecurityFilterChain     : Will secure any request with [org.springframework.security.web.session.DisableEncodeUrlFilter@1c2273f6, org.springframework.security.web.context.request.async.WebAsyncManagerIntegrationFilter@411e567e, org.springframework.security.web.context.SecurityContextHolderFilter@14d9ae22, org.springframework.security.web.header.HeaderWriterFilter@7c5fbde4, org.springframework.security.web.csrf.CsrfFilter@509e0253, org.springframework.security.web.authentication.logout.LogoutFilter@5dfc7b3f, org.springframework.security.oauth2.client.web.OAuth2AuthorizationRequestRedirectFilter@74eae1e0, org.springframework.security.oauth2.client.web.OAuth2AuthorizationRequestRedirectFilter@506d7fed, org.springframework.security.oauth2.client.web.OAuth2LoginAuthenticationFilter@3c3357c7, org.springframework.security.web.authentication.ui.DefaultLoginPageGeneratingFilter@34ac72c3, org.springframework.security.web.authentication.ui.DefaultLogoutPageGeneratingFilter@4e58eda2, org.springframework.security.web.savedrequest.RequestCacheAwareFilter@68ee7b3b, org.springframework.security.web.servletapi.SecurityContextHolderAwareRequestFilter@6f0df74, org.springframework.security.web.authentication.AnonymousAuthenticationFilter@75f9a35a, org.springframework.security.oauth2.client.web.OAuth2AuthorizationCodeGrantFilter@259f0fdb, org.springframework.security.web.access.ExceptionTranslationFilter@702e21c, org.springframework.security.web.access.intercept.AuthorizationFilter@4b407ac7]
2024-05-09T13:36:25.663+02:00  INFO 2528 --- [main] o.s.b.w.embedded.tomcat.TomcatWebServer  : Tomcat started on port(s): 8085 (http) with context path ''
2024-05-09T13:36:25.680+02:00  INFO 2528 --- [main] s.SpringBootRestApiPostgresqlApplication : Started SpringBootRestApiPostgresqlApplication in 9.906 seconds (process running for 10.681)
2024-05-09T13:36:41.840+02:00  INFO 2528 --- [http-nio-8085-exec-1] o.a.c.c.C.[Tomcat].[localhost].[/]       : Initializing Spring DispatcherServlet 'dispatcherServlet'
2024-05-09T13:36:41.841+02:00  INFO 2528 --- [http-nio-8085-exec-1] o.s.web.servlet.DispatcherServlet        : Initializing Servlet 'dispatcherServlet'
2024-05-09T13:36:41.844+02:00  INFO 2528 --- [http-nio-8085-exec-1] o.s.web.servlet.DispatcherServlet        : Completed initialization in 2 ms
2024-05-09T13:46:41.288+02:00  INFO 2528 --- [SpringApplicationShutdownHook] j.LocalContainerEntityManagerFactoryBean : Closing JPA EntityManagerFactory for persistence unit 'default'
2024-05-09T13:46:41.294+02:00  INFO 2528 --- [SpringApplicationShutdownHook] com.zaxxer.hikari.HikariDataSource       : HikariPool-1 - Shutdown initiated...
2024-05-09T13:46:43.932+02:00  INFO 2528 --- [SpringApplicationShutdownHook] com.zaxxer.hikari.HikariDataSource       : HikariPool-1 - Shutdown completed.
2024-05-09T13:46:57.360+02:00  INFO 388 --- [main] s.SpringBootRestApiPostgresqlApplication : Starting SpringBootRestApiPostgresqlApplication using Java 17.0.9 with PID 388 (C:\Users\User\Desktop\Zhvillim Cloud\Cloud_\target\classes started by User in C:\Users\User\Desktop\Zhvillim Cloud\Cloud_)
2024-05-09T13:46:57.365+02:00  INFO 388 --- [main] s.SpringBootRestApiPostgresqlApplication : No active profile set, falling back to 1 default profile: "default"
2024-05-09T13:46:58.201+02:00  INFO 388 --- [main] .s.d.r.c.RepositoryConfigurationDelegate : Bootstrapping Spring Data JPA repositories in DEFAULT mode.
2024-05-09T13:46:58.285+02:00  INFO 388 --- [main] .s.d.r.c.RepositoryConfigurationDelegate : Finished Spring Data repository scanning in 72 ms. Found 2 JPA repository interfaces.
2024-05-09T13:46:59.070+02:00  INFO 388 --- [main] o.s.b.w.embedded.tomcat.TomcatWebServer  : Tomcat initialized with port(s): 8085 (http)
2024-05-09T13:46:59.082+02:00  INFO 388 --- [main] o.apache.catalina.core.StandardService   : Starting service [Tomcat]
2024-05-09T13:46:59.084+02:00  INFO 388 --- [main] o.apache.catalina.core.StandardEngine    : Starting Servlet engine: [Apache Tomcat/10.1.15]
2024-05-09T13:46:59.276+02:00  INFO 388 --- [main] o.a.c.c.C.[Tomcat].[localhost].[/]       : Initializing Spring embedded WebApplicationContext
2024-05-09T13:46:59.277+02:00  INFO 388 --- [main] w.s.c.ServletWebServerApplicationContext : Root WebApplicationContext: initialization completed in 1803 ms
2024-05-09T13:46:59.510+02:00  INFO 388 --- [main] o.hibernate.jpa.internal.util.LogHelper  : HHH000204: Processing PersistenceUnitInfo [name: default]
2024-05-09T13:46:59.587+02:00  INFO 388 --- [main] org.hibernate.Version                    : HHH000412: Hibernate ORM core version 6.2.13.Final
2024-05-09T13:46:59.590+02:00  INFO 388 --- [main] org.hibernate.cfg.Environment            : HHH000406: Using bytecode reflection optimizer
2024-05-09T13:46:59.931+02:00  INFO 388 --- [main] o.s.o.j.p.SpringPersistenceUnitInfo      : No LoadTimeWeaver setup: ignoring JPA class transformer
2024-05-09T13:46:59.974+02:00  INFO 388 --- [main] com.zaxxer.hikari.HikariDataSource       : HikariPool-1 - Starting...
2024-05-09T13:47:01.434+02:00  INFO 388 --- [main] com.zaxxer.hikari.pool.HikariPool        : HikariPool-1 - Added connection org.postgresql.jdbc.PgConnection@25cde5bb
2024-05-09T13:47:01.444+02:00  INFO 388 --- [main] com.zaxxer.hikari.HikariDataSource       : HikariPool-1 - Start completed.
2024-05-09T13:47:01.619+02:00  WARN 388 --- [main] org.hibernate.orm.deprecation            : HHH90000025: PostgreSQLDialect does not need to be specified explicitly using 'hibernate.dialect' (remove the property setting and it will be selected by default)
2024-05-09T13:47:03.031+02:00  INFO 388 --- [main] o.h.e.t.j.p.i.JtaPlatformInitiator       : HHH000489: No JTA platform available (set 'hibernate.transaction.jta.platform' to enable JTA platform integration)
2024-05-09T13:47:04.377+02:00  INFO 388 --- [main] j.LocalContainerEntityManagerFactoryBean : Initialized JPA EntityManagerFactory for persistence unit 'default'
2024-05-09T13:47:04.999+02:00  WARN 388 --- [main] JpaBaseConfiguration$JpaWebConfiguration : spring.jpa.open-in-view is enabled by default. Therefore, database queries may be performed during view rendering. Explicitly configure spring.jpa.open-in-view to disable this warning
2024-05-09T13:47:05.929+02:00  INFO 388 --- [main] o.s.s.web.DefaultSecurityFilterChain     : Will secure any request with [org.springframework.security.web.session.DisableEncodeUrlFilter@109f95b1, org.springframework.security.web.context.request.async.WebAsyncManagerIntegrationFilter@4d20cbb5, org.springframework.security.web.context.SecurityContextHolderFilter@197da701, org.springframework.security.web.header.HeaderWriterFilter@33f3ebfc, org.springframework.security.web.csrf.CsrfFilter@344f4a82, org.springframework.security.web.authentication.logout.LogoutFilter@4a84beb7, org.springframework.security.oauth2.client.web.OAuth2AuthorizationRequestRedirectFilter@381c826c, org.springframework.security.oauth2.client.web.OAuth2AuthorizationRequestRedirectFilter@1f062e10, org.springframework.security.oauth2.client.web.OAuth2LoginAuthenticationFilter@13563e64, org.springframework.security.web.authentication.ui.DefaultLoginPageGeneratingFilter@14d9ae22, org.springframework.security.web.authentication.ui.DefaultLogoutPageGeneratingFilter@74eae1e0, org.springframework.security.web.savedrequest.RequestCacheAwareFilter@77737e3e, org.springframework.security.web.servletapi.SecurityContextHolderAwareRequestFilter@702e21c, org.springframework.security.web.authentication.AnonymousAuthenticationFilter@3c3357c7, org.springframework.security.oauth2.client.web.OAuth2AuthorizationCodeGrantFilter@66d766b9, org.springframework.security.web.access.ExceptionTranslationFilter@73543048, org.springframework.security.web.access.intercept.AuthorizationFilter@7ef34eb3]
2024-05-09T13:47:06.043+02:00  INFO 388 --- [main] o.s.b.w.embedded.tomcat.TomcatWebServer  : Tomcat started on port(s): 8085 (http) with context path ''
2024-05-09T13:47:06.071+02:00  INFO 388 --- [main] s.SpringBootRestApiPostgresqlApplication : Started SpringBootRestApiPostgresqlApplication in 9.432 seconds (process running for 10.138)
2024-05-09T13:47:24.367+02:00  INFO 388 --- [http-nio-8085-exec-1] o.a.c.c.C.[Tomcat].[localhost].[/]       : Initializing Spring DispatcherServlet 'dispatcherServlet'
2024-05-09T13:47:24.370+02:00  INFO 388 --- [http-nio-8085-exec-1] o.s.web.servlet.DispatcherServlet        : Initializing Servlet 'dispatcherServlet'
2024-05-09T13:47:24.373+02:00  INFO 388 --- [http-nio-8085-exec-1] o.s.web.servlet.DispatcherServlet        : Completed initialization in 2 ms
2024-05-09T13:50:18.297+02:00  INFO 388 --- [SpringApplicationShutdownHook] j.LocalContainerEntityManagerFactoryBean : Closing JPA EntityManagerFactory for persistence unit 'default'
2024-05-09T13:50:18.303+02:00  INFO 388 --- [SpringApplicationShutdownHook] com.zaxxer.hikari.HikariDataSource       : HikariPool-1 - Shutdown initiated...
2024-05-09T13:50:22.022+02:00  INFO 388 --- [SpringApplicationShutdownHook] com.zaxxer.hikari.HikariDataSource       : HikariPool-1 - Shutdown completed.
2024-05-09T13:50:33.099+02:00  INFO 8848 --- [main] s.SpringBootRestApiPostgresqlApplication : Starting SpringBootRestApiPostgresqlApplication using Java 17.0.9 with PID 8848 (C:\Users\User\Desktop\Zhvillim Cloud\Cloud_\target\classes started by User in C:\Users\User\Desktop\Zhvillim Cloud\Cloud_)
2024-05-09T13:50:33.104+02:00  INFO 8848 --- [main] s.SpringBootRestApiPostgresqlApplication : No active profile set, falling back to 1 default profile: "default"
2024-05-09T13:50:33.907+02:00  INFO 8848 --- [main] .s.d.r.c.RepositoryConfigurationDelegate : Bootstrapping Spring Data JPA repositories in DEFAULT mode.
2024-05-09T13:50:33.995+02:00  INFO 8848 --- [main] .s.d.r.c.RepositoryConfigurationDelegate : Finished Spring Data repository scanning in 76 ms. Found 2 JPA repository interfaces.
2024-05-09T13:50:34.732+02:00  INFO 8848 --- [main] o.s.b.w.embedded.tomcat.TomcatWebServer  : Tomcat initialized with port(s): 8085 (http)
2024-05-09T13:50:34.745+02:00  INFO 8848 --- [main] o.apache.catalina.core.StandardService   : Starting service [Tomcat]
2024-05-09T13:50:34.746+02:00  INFO 8848 --- [main] o.apache.catalina.core.StandardEngine    : Starting Servlet engine: [Apache Tomcat/10.1.15]
2024-05-09T13:50:34.900+02:00  INFO 8848 --- [main] o.a.c.c.C.[Tomcat].[localhost].[/]       : Initializing Spring embedded WebApplicationContext
2024-05-09T13:50:34.901+02:00  INFO 8848 --- [main] w.s.c.ServletWebServerApplicationContext : Root WebApplicationContext: initialization completed in 1701 ms
2024-05-09T13:50:35.150+02:00  INFO 8848 --- [main] o.hibernate.jpa.internal.util.LogHelper  : HHH000204: Processing PersistenceUnitInfo [name: default]
2024-05-09T13:50:35.254+02:00  INFO 8848 --- [main] org.hibernate.Version                    : HHH000412: Hibernate ORM core version 6.2.13.Final
2024-05-09T13:50:35.260+02:00  INFO 8848 --- [main] org.hibernate.cfg.Environment            : HHH000406: Using bytecode reflection optimizer
2024-05-09T13:50:35.606+02:00  INFO 8848 --- [main] o.s.o.j.p.SpringPersistenceUnitInfo      : No LoadTimeWeaver setup: ignoring JPA class transformer
2024-05-09T13:50:35.645+02:00  INFO 8848 --- [main] com.zaxxer.hikari.HikariDataSource       : HikariPool-1 - Starting...
2024-05-09T13:50:37.065+02:00  INFO 8848 --- [main] com.zaxxer.hikari.pool.HikariPool        : HikariPool-1 - Added connection org.postgresql.jdbc.PgConnection@4a9bce99
2024-05-09T13:50:37.074+02:00  INFO 8848 --- [main] com.zaxxer.hikari.HikariDataSource       : HikariPool-1 - Start completed.
2024-05-09T13:50:37.261+02:00  WARN 8848 --- [main] org.hibernate.orm.deprecation            : HHH90000025: PostgreSQLDialect does not need to be specified explicitly using 'hibernate.dialect' (remove the property setting and it will be selected by default)
2024-05-09T13:50:38.670+02:00  INFO 8848 --- [main] o.h.e.t.j.p.i.JtaPlatformInitiator       : HHH000489: No JTA platform available (set 'hibernate.transaction.jta.platform' to enable JTA platform integration)
2024-05-09T13:50:39.969+02:00  INFO 8848 --- [main] j.LocalContainerEntityManagerFactoryBean : Initialized JPA EntityManagerFactory for persistence unit 'default'
2024-05-09T13:50:40.744+02:00  WARN 8848 --- [main] JpaBaseConfiguration$JpaWebConfiguration : spring.jpa.open-in-view is enabled by default. Therefore, database queries may be performed during view rendering. Explicitly configure spring.jpa.open-in-view to disable this warning
2024-05-09T13:50:41.757+02:00  INFO 8848 --- [main] o.s.s.web.DefaultSecurityFilterChain     : Will secure any request with [org.springframework.security.web.session.DisableEncodeUrlFilter@1c2273f6, org.springframework.security.web.context.request.async.WebAsyncManagerIntegrationFilter@411e567e, org.springframework.security.web.context.SecurityContextHolderFilter@14d9ae22, org.springframework.security.web.header.HeaderWriterFilter@7c5fbde4, org.springframework.security.web.csrf.CsrfFilter@509e0253, org.springframework.security.web.authentication.logout.LogoutFilter@5dfc7b3f, org.springframework.security.oauth2.client.web.OAuth2AuthorizationRequestRedirectFilter@74eae1e0, org.springframework.security.oauth2.client.web.OAuth2AuthorizationRequestRedirectFilter@506d7fed, org.springframework.security.oauth2.client.web.OAuth2LoginAuthenticationFilter@3c3357c7, org.springframework.security.web.authentication.ui.DefaultLoginPageGeneratingFilter@34ac72c3, org.springframework.security.web.authentication.ui.DefaultLogoutPageGeneratingFilter@4e58eda2, org.springframework.security.web.savedrequest.RequestCacheAwareFilter@68ee7b3b, org.springframework.security.web.servletapi.SecurityContextHolderAwareRequestFilter@6f0df74, org.springframework.security.web.authentication.AnonymousAuthenticationFilter@75f9a35a, org.springframework.security.oauth2.client.web.OAuth2AuthorizationCodeGrantFilter@259f0fdb, org.springframework.security.web.access.ExceptionTranslationFilter@702e21c, org.springframework.security.web.access.intercept.AuthorizationFilter@4b407ac7]
2024-05-09T13:50:41.857+02:00  INFO 8848 --- [main] o.s.b.w.embedded.tomcat.TomcatWebServer  : Tomcat started on port(s): 8085 (http) with context path ''
2024-05-09T13:50:41.872+02:00  INFO 8848 --- [main] s.SpringBootRestApiPostgresqlApplication : Started SpringBootRestApiPostgresqlApplication in 9.415 seconds (process running for 10.018)
2024-05-09T13:50:45.644+02:00  INFO 8848 --- [SpringApplicationShutdownHook] j.LocalContainerEntityManagerFactoryBean : Closing JPA EntityManagerFactory for persistence unit 'default'
2024-05-09T13:50:45.648+02:00  INFO 8848 --- [SpringApplicationShutdownHook] com.zaxxer.hikari.HikariDataSource       : HikariPool-1 - Shutdown initiated...
2024-05-09T13:50:46.628+02:00  INFO 8848 --- [SpringApplicationShutdownHook] com.zaxxer.hikari.HikariDataSource       : HikariPool-1 - Shutdown completed.
